[2021-07-22 10:07:20,100] [basehttp.py:124] [basehttp:log_message] [INFO]- "GET / HTTP/1.1" 200 4281
[2021-07-22 10:07:20,251] [basehttp.py:124] [basehttp:log_message] [INFO]- "GET /static/css/index.css HTTP/1.1" 200 4807
[2021-07-22 10:07:20,645] [basehttp.py:124] [basehttp:log_message] [INFO]- "GET /static/js/jquery.js HTTP/1.1" 200 240197
[2021-07-22 10:07:20,703] [basehttp.py:124] [basehttp:log_message] [INFO]- "GET /static/images/bj.jpg HTTP/1.1" 200 116831
[2021-07-22 10:07:21,037] [basehttp.py:124] [basehttp:log_message] [INFO]- "GET /static/images/d.png HTTP/1.1" 200 156041
[2021-07-22 10:07:21,040] [basehttp.py:124] [basehttp:log_message] [INFO]- "GET /static/images/e.png HTTP/1.1" 200 36374
[2021-07-22 10:07:21,053] [basehttp.py:124] [basehttp:log_message] [INFO]- "GET /static/images/a.png HTTP/1.1" 200 2788
[2021-07-22 10:07:21,056] [basehttp.py:124] [basehttp:log_message] [INFO]- "GET /static/images/head.gif HTTP/1.1" 200 20615
[2021-07-22 10:07:21,072] [basehttp.py:124] [basehttp:log_message] [INFO]- "GET /static/images/b.png HTTP/1.1" 200 3986
[2021-07-22 10:07:21,375] [base.py:93] [base:get_response] [WARNING]- Not Found: /favicon.ico
[2021-07-22 10:07:21,379] [basehttp.py:124] [basehttp:log_message] [WARNING]- "GET /favicon.ico HTTP/1.1" 404 2504
[2021-07-22 10:09:20,359] [basehttp.py:124] [basehttp:log_message] [INFO]- "POST /login/login/ HTTP/1.1" 200 71
[2021-07-22 10:09:30,303] [basehttp.py:124] [basehttp:log_message] [INFO]- "POST /login/login/ HTTP/1.1" 200 71
[2021-07-22 10:09:32,714] [basehttp.py:124] [basehttp:log_message] [INFO]- "POST /login/login/ HTTP/1.1" 200 71
[2021-07-22 10:09:36,123] [basehttp.py:124] [basehttp:log_message] [INFO]- "POST /login/login/ HTTP/1.1" 200 41
[2021-07-22 10:09:36,355] [basehttp.py:124] [basehttp:log_message] [INFO]- "GET /student/index HTTP/1.1" 301 0
[2021-07-22 10:09:36,723] [basehttp.py:124] [basehttp:log_message] [INFO]- "GET /student/index/ HTTP/1.1" 200 3723
[2021-07-22 10:09:36,905] [basehttp.py:124] [basehttp:log_message] [INFO]- "GET /static/css/bootstrap.min.css HTTP/1.1" 200 121200
[2021-07-22 10:09:45,092] [basehttp.py:124] [basehttp:log_message] [INFO]- "GET /student/query/ HTTP/1.1" 200 2287
[2021-07-22 10:09:52,744] [basehttp.py:124] [basehttp:log_message] [INFO]- "GET /student/center/ HTTP/1.1" 200 6422
[2021-07-22 10:09:56,065] [basehttp.py:124] [basehttp:log_message] [INFO]- "GET /login/logout/ HTTP/1.1" 302 0
[2021-07-22 10:09:56,322] [basehttp.py:124] [basehttp:log_message] [INFO]- "GET / HTTP/1.1" 200 4281
[2021-07-22 10:10:15,475] [basehttp.py:124] [basehttp:log_message] [INFO]- "GET /admin HTTP/1.1" 301 0
[2021-07-22 10:10:16,354] [basehttp.py:124] [basehttp:log_message] [INFO]- "GET /admin/ HTTP/1.1" 200 4192
[2021-07-22 10:10:16,572] [basehttp.py:124] [basehttp:log_message] [INFO]- "GET /static/xadmin/vendor/bootstrap/css/bootstrap.css HTTP/1.1" 200 126432
[2021-07-22 10:10:16,876] [basehttp.py:124] [basehttp:log_message] [INFO]- "GET /static/xadmin/css/themes/bootstrap-xadmin.css HTTP/1.1" 200 1888
[2021-07-22 10:10:16,877] [basehttp.py:124] [basehttp:log_message] [INFO]- "GET /static/xadmin/vendor/font-awesome/css/font-awesome.css HTTP/1.1" 200 37414
[2021-07-22 10:10:16,878] [basehttp.py:124] [basehttp:log_message] [INFO]- "GET /static/xadmin/css/xadmin.plugins.css HTTP/1.1" 200 175
[2021-07-22 10:10:16,893] [basehttp.py:124] [basehttp:log_message] [INFO]- "GET /static/xadmin/css/xadmin.responsive.css HTTP/1.1" 200 4361
[2021-07-22 10:10:16,896] [basehttp.py:124] [basehttp:log_message] [INFO]- "GET /static/xadmin/css/xadmin.main.css HTTP/1.1" 200 8376
[2021-07-22 10:10:17,079] [basehttp.py:124] [basehttp:log_message] [INFO]- "GET /static/xadmin/vendor/jquery/jquery.js HTTP/1.1" 200 240197
[2021-07-22 10:10:17,261] [basehttp.py:124] [basehttp:log_message] [INFO]- "GET /static/xadmin/vendor/jquery-ui/jquery.ui.core.js HTTP/1.1" 200 8195
[2021-07-22 10:10:17,262] [basehttp.py:124] [basehttp:log_message] [INFO]- "GET /static/xadmin/vendor/jquery-ui/jquery.ui.widget.js HTTP/1.1" 200 15069
[2021-07-22 10:10:17,264] [basehttp.py:124] [basehttp:log_message] [INFO]- "GET /static/xadmin/vendor/jquery-ui/jquery.ui.mouse.js HTTP/1.1" 200 4561
[2021-07-22 10:10:17,292] [basehttp.py:124] [basehttp:log_message] [INFO]- "GET /static/xadmin/vendor/jquery-ui/jquery.ui.sortable.js HTTP/1.1" 200 42543
[2021-07-22 10:10:17,305] [basehttp.py:124] [basehttp:log_message] [INFO]- "GET /static/xadmin/vendor/bootstrap/js/bootstrap.js HTTP/1.1" 200 58327
[2021-07-22 10:10:17,428] [basehttp.py:124] [basehttp:log_message] [INFO]- "GET /static/xadmin/vendor/jquery-ui/jquery.ui.effect.js HTTP/1.1" 200 31918
[2021-07-22 10:10:17,619] [basehttp.py:124] [basehttp:log_message] [INFO]- "GET /admin/jsi18n/ HTTP/1.1" 200 4199
[2021-07-22 10:10:17,643] [basehttp.py:124] [basehttp:log_message] [INFO]- "GET /static/xadmin/js/xadmin.responsive.js HTTP/1.1" 200 4165
[2021-07-22 10:10:17,647] [basehttp.py:124] [basehttp:log_message] [INFO]- "GET /static/xadmin/js/xadmin.main.js HTTP/1.1" 200 3401
[2021-07-22 10:10:17,676] [basehttp.py:124] [basehttp:log_message] [INFO]- "GET /static/xadmin/js/xadmin.plugin.themes.js HTTP/1.1" 200 3489
[2021-07-22 10:10:17,821] [basehttp.py:124] [basehttp:log_message] [INFO]- "GET /static/xadmin/vendor/font-awesome/fonts/fontawesome-webfont.woff2?v=4.7.0 HTTP/1.1" 200 77160
[2021-07-22 10:10:24,257] [basehttp.py:124] [basehttp:log_message] [INFO]- "POST /admin/ HTTP/1.1" 200 4429
[2021-07-22 10:10:24,379] [basehttp.py:124] [basehttp:log_message] [INFO]- "GET /admin/jsi18n/ HTTP/1.1" 200 4199
[2021-07-22 10:10:31,991] [basehttp.py:124] [basehttp:log_message] [INFO]- "POST /admin/ HTTP/1.1" 302 0
[2021-07-22 10:10:33,301] [basehttp.py:124] [basehttp:log_message] [INFO]- "GET /admin/ HTTP/1.1" 200 16069
[2021-07-22 10:10:33,394] [basehttp.py:124] [basehttp:log_message] [INFO]- "GET /static/xadmin/css/xadmin.page.dashboard.css HTTP/1.1" 200 790
[2021-07-22 10:10:33,759] [basehttp.py:124] [basehttp:log_message] [INFO]- "GET /admin/jsi18n/ HTTP/1.1" 200 7678
[2021-07-22 10:10:33,767] [basehttp.py:124] [basehttp:log_message] [INFO]- "GET /static/xadmin/js/xadmin.page.dashboard.js HTTP/1.1" 200 3208
[2021-07-22 10:10:33,795] [basehttp.py:124] [basehttp:log_message] [INFO]- "GET /static/xadmin/js/xadmin.plugin.portal.js HTTP/1.1" 200 1000
[2021-07-22 10:10:38,979] [basehttp.py:124] [basehttp:log_message] [INFO]- "GET /admin/student/student/ HTTP/1.1" 200 113820
[2021-07-22 10:10:39,058] [basehttp.py:124] [basehttp:log_message] [INFO]- "GET /static/xadmin/css/xadmin.form.css HTTP/1.1" 200 3763
[2021-07-22 10:10:39,388] [basehttp.py:124] [basehttp:log_message] [INFO]- "GET /admin/jsi18n/ HTTP/1.1" 200 7678
[2021-07-22 10:10:39,463] [basehttp.py:124] [basehttp:log_message] [INFO]- "GET /static/xadmin/js/xadmin.plugin.details.js HTTP/1.1" 200 2319
[2021-07-22 10:10:39,467] [basehttp.py:124] [basehttp:log_message] [INFO]- "GET /static/xadmin/js/xadmin.plugin.bookmark.js HTTP/1.1" 200 529
[2021-07-22 10:10:39,503] [basehttp.py:124] [basehttp:log_message] [INFO]- "GET /static/xadmin/js/xadmin.plugin.filters.js HTTP/1.1" 200 1990
[2021-07-22 10:10:39,518] [basehttp.py:124] [basehttp:log_message] [INFO]- "GET /static/xadmin/js/xadmin.plugin.actions.js HTTP/1.1" 200 4198
[2021-07-22 10:10:39,522] [basehttp.py:124] [basehttp:log_message] [INFO]- "GET /static/xadmin/js/xadmin.page.list.js HTTP/1.1" 200 1105
[2021-07-22 10:10:39,729] [basehttp.py:124] [basehttp:log_message] [INFO]- "GET /static/xadmin/js/xadmin.page.form.js HTTP/1.1" 200 1948
[2021-07-22 10:37:54,763] [basehttp.py:124] [basehttp:log_message] [INFO]- "GET / HTTP/1.1" 200 4281
[2021-07-22 10:37:58,362] [base.py:93] [base:get_response] [WARNING]- Not Found: /favicon.ico
[2021-07-22 10:37:58,365] [basehttp.py:124] [basehttp:log_message] [WARNING]- "GET /favicon.ico HTTP/1.1" 404 2504
[2021-07-22 10:38:04,733] [basehttp.py:124] [basehttp:log_message] [INFO]- "GET /admin/ HTTP/1.1" 200 4192
[2021-07-22 10:38:04,954] [basehttp.py:124] [basehttp:log_message] [INFO]- "GET /admin/jsi18n/ HTTP/1.1" 200 4199
[2021-07-22 10:38:06,405] [basehttp.py:124] [basehttp:log_message] [INFO]- "POST /admin/ HTTP/1.1" 302 0
[2021-07-22 10:38:08,068] [basehttp.py:124] [basehttp:log_message] [INFO]- "GET /admin/ HTTP/1.1" 200 17653
[2021-07-22 10:38:08,508] [basehttp.py:124] [basehttp:log_message] [INFO]- "GET /admin/jsi18n/ HTTP/1.1" 200 7678
[2021-07-22 10:38:12,000] [basehttp.py:124] [basehttp:log_message] [INFO]- "GET /admin/teacher/teacher/ HTTP/1.1" 200 35133
[2021-07-22 10:38:12,441] [basehttp.py:124] [basehttp:log_message] [INFO]- "GET /admin/jsi18n/ HTTP/1.1" 200 7678
[2021-07-22 10:38:17,345] [basehttp.py:124] [basehttp:log_message] [INFO]- "GET /admin/teacher/teacher/1/update/ HTTP/1.1" 200 21985
[2021-07-22 10:38:17,759] [basehttp.py:124] [basehttp:log_message] [INFO]- "GET /static/xadmin/vendor/selectize/selectize.css HTTP/1.1" 200 8425
[2021-07-22 10:38:17,760] [basehttp.py:124] [basehttp:log_message] [INFO]- "GET /static/xadmin/vendor/select2/select2.css HTTP/1.1" 200 19226
[2021-07-22 10:38:17,768] [basehttp.py:124] [basehttp:log_message] [INFO]- "GET /static/xadmin/vendor/selectize/selectize.bootstrap3.css HTTP/1.1" 200 10602
[2021-07-22 10:38:17,830] [basehttp.py:124] [basehttp:log_message] [INFO]- "GET /static/xadmin/vendor/select2/select2_locale_zh-hans.js HTTP/1.1" 200 694
[2021-07-22 10:38:17,850] [basehttp.py:124] [basehttp:log_message] [INFO]- "GET /static/xadmin/vendor/select2/select2.js HTTP/1.1" 200 104906
[2021-07-22 10:38:17,864] [basehttp.py:124] [basehttp:log_message] [INFO]- "GET /static/xadmin/vendor/selectize/selectize.js HTTP/1.1" 200 98602
[2021-07-22 10:38:18,146] [basehttp.py:124] [basehttp:log_message] [INFO]- "GET /admin/jsi18n/ HTTP/1.1" 200 7678
[2021-07-22 10:38:18,147] [basehttp.py:124] [basehttp:log_message] [INFO]- "GET /static/xadmin/js/xadmin.widget.select.js HTTP/1.1" 200 1344
[2021-07-22 10:38:28,411] [csrf.py:153] [csrf:_reject] [WARNING]- Forbidden (CSRF token missing or incorrect.): /login/login/
[2021-07-22 10:38:28,416] [basehttp.py:124] [basehttp:log_message] [WARNING]- "POST /login/login/ HTTP/1.1" 403 2508
[2021-07-22 10:38:30,959] [csrf.py:153] [csrf:_reject] [WARNING]- Forbidden (CSRF token missing or incorrect.): /login/login/
[2021-07-22 10:38:30,963] [basehttp.py:124] [basehttp:log_message] [WARNING]- "POST /login/login/ HTTP/1.1" 403 2508
[2021-07-22 10:38:32,709] [csrf.py:153] [csrf:_reject] [WARNING]- Forbidden (CSRF token missing or incorrect.): /login/login/
[2021-07-22 10:38:32,712] [basehttp.py:124] [basehttp:log_message] [WARNING]- "POST /login/login/ HTTP/1.1" 403 2508
[2021-07-22 10:38:33,782] [csrf.py:153] [csrf:_reject] [WARNING]- Forbidden (CSRF token missing or incorrect.): /login/login/
[2021-07-22 10:38:33,794] [basehttp.py:124] [basehttp:log_message] [WARNING]- "POST /login/login/ HTTP/1.1" 403 2508
[2021-07-22 10:38:34,651] [csrf.py:153] [csrf:_reject] [WARNING]- Forbidden (CSRF token missing or incorrect.): /login/login/
[2021-07-22 10:38:34,654] [basehttp.py:124] [basehttp:log_message] [WARNING]- "POST /login/login/ HTTP/1.1" 403 2508
[2021-07-22 10:38:34,874] [csrf.py:153] [csrf:_reject] [WARNING]- Forbidden (CSRF token missing or incorrect.): /login/login/
[2021-07-22 10:38:34,878] [basehttp.py:124] [basehttp:log_message] [WARNING]- "POST /login/login/ HTTP/1.1" 403 2508
[2021-07-22 10:38:42,972] [basehttp.py:124] [basehttp:log_message] [INFO]- "GET / HTTP/1.1" 200 4281
[2021-07-22 10:38:54,125] [basehttp.py:124] [basehttp:log_message] [INFO]- "POST /login/login/ HTTP/1.1" 200 71
[2021-07-22 10:39:05,265] [basehttp.py:124] [basehttp:log_message] [INFO]- "POST /admin/teacher/teacher/1/update/ HTTP/1.1" 302 0
[2021-07-22 10:39:05,578] [basehttp.py:124] [basehttp:log_message] [INFO]- "GET /admin/teacher/teacher/ HTTP/1.1" 200 35369
[2021-07-22 10:39:05,706] [basehttp.py:124] [basehttp:log_message] [INFO]- "GET /admin/jsi18n/ HTTP/1.1" 200 7678
[2021-07-22 10:39:10,404] [basehttp.py:124] [basehttp:log_message] [INFO]- "POST /login/login/ HTTP/1.1" 200 41
[2021-07-22 10:39:10,647] [basehttp.py:124] [basehttp:log_message] [INFO]- "GET /teacher/index HTTP/1.1" 301 0
[2021-07-22 10:39:10,781] [views.py:40] [views:get] [INFO]- 张三请求教师主页------2021-07-22 10:39:10
[2021-07-22 10:39:11,252] [basehttp.py:124] [basehttp:log_message] [INFO]- "GET /teacher/index/ HTTP/1.1" 200 14272
[2021-07-22 10:39:11,466] [basehttp.py:124] [basehttp:log_message] [INFO]- "GET /static/js/bootstrap.min.js HTTP/1.1" 200 31824
[2021-07-22 10:39:58,142] [basehttp.py:124] [basehttp:log_message] [INFO]- "GET /teacher/grade/ HTTP/1.1" 200 31546
[2021-07-22 10:39:58,926] [basehttp.py:124] [basehttp:log_message] [INFO]- "GET /static/js/echarts.min.js HTTP/1.1" 200 1291532
[2021-07-22 10:39:59,688] [basehttp.py:124] [basehttp:log_message] [INFO]- "GET /teacher/grade_bar/20210629/ HTTP/1.1" 200 4321
[2021-07-22 10:39:59,689] [basehttp.py:124] [basehttp:log_message] [INFO]- "GET /teacher/grade_pie/20210629/ HTTP/1.1" 200 2931
[2021-07-22 10:41:20,415] [views.py:40] [views:get] [INFO]- 张三请求教师主页------2021-07-22 10:41:20
[2021-07-22 10:41:20,438] [basehttp.py:124] [basehttp:log_message] [INFO]- "GET /teacher/index/ HTTP/1.1" 200 14272
[2021-07-22 10:41:27,141] [basehttp.py:124] [basehttp:log_message] [INFO]- "GET /teacher/create/?paper_name=C%E8%AF%AD%E8%A8%80&subject=1 HTTP/1.1" 200 40238
[2021-07-22 10:41:27,421] [basehttp.py:124] [basehttp:log_message] [INFO]- "GET /static/css/bootstrap-datetimepicker.min.css HTTP/1.1" 200 11276
[2021-07-22 10:41:27,679] [basehttp.py:124] [basehttp:log_message] [INFO]- "GET /static/js/bootstrap-datetimepicker.zh-CN.js HTTP/1.1" 200 813
[2021-07-22 10:41:27,696] [basehttp.py:124] [basehttp:log_message] [INFO]- "GET /static/js/bootstrap-datetimepicker.min.js HTTP/1.1" 200 39213
[2021-07-22 10:41:51,117] [basehttp.py:124] [basehttp:log_message] [INFO]- "POST /teacher/create/ HTTP/1.1" 200 29
[2021-07-22 10:41:51,258] [views.py:40] [views:get] [INFO]- 张三请求教师主页------2021-07-22 10:41:51
[2021-07-22 10:41:51,275] [basehttp.py:124] [basehttp:log_message] [INFO]- "GET /teacher/index/ HTTP/1.1" 200 14842
[2021-07-22 10:42:00,307] [basehttp.py:124] [basehttp:log_message] [INFO]- "GET /admin/paper/exam/ HTTP/1.1" 200 55112
[2021-07-22 10:42:00,509] [basehttp.py:124] [basehttp:log_message] [INFO]- "GET /admin/jsi18n/ HTTP/1.1" 200 7678
[2021-07-22 10:42:10,054] [basehttp.py:124] [basehttp:log_message] [INFO]- "GET /admin/paper/questionbank/ HTTP/1.1" 200 127810
[2021-07-22 10:42:10,277] [basehttp.py:124] [basehttp:log_message] [INFO]- "GET /admin/jsi18n/ HTTP/1.1" 200 7678
[2021-07-22 10:42:13,444] [basehttp.py:124] [basehttp:log_message] [INFO]- "GET /admin/student/student/ HTTP/1.1" 200 115404
[2021-07-22 10:42:13,668] [basehttp.py:124] [basehttp:log_message] [INFO]- "GET /admin/jsi18n/ HTTP/1.1" 200 7678
[2021-07-22 10:42:17,908] [basehttp.py:124] [basehttp:log_message] [INFO]- "GET /admin/paper/exam/ HTTP/1.1" 200 55112
[2021-07-22 10:42:18,108] [basehttp.py:124] [basehttp:log_message] [INFO]- "GET /admin/jsi18n/ HTTP/1.1" 200 7678
[2021-07-22 10:42:20,629] [basehttp.py:124] [basehttp:log_message] [INFO]- "GET /admin/paper/createpaper/ HTTP/1.1" 200 55004
[2021-07-22 10:42:20,890] [basehttp.py:124] [basehttp:log_message] [INFO]- "GET /admin/jsi18n/ HTTP/1.1" 200 7678
[2021-07-22 10:42:25,335] [basehttp.py:124] [basehttp:log_message] [INFO]- "GET /admin/paper/paper/ HTTP/1.1" 200 45355
[2021-07-22 10:42:25,489] [basehttp.py:124] [basehttp:log_message] [INFO]- "GET /static/xadmin/vendor/bootstrap-datepicker/css/datepicker.css HTTP/1.1" 200 10225
[2021-07-22 10:42:25,802] [basehttp.py:124] [basehttp:log_message] [INFO]- "GET /admin/jsi18n/ HTTP/1.1" 200 7678
[2021-07-22 10:42:26,011] [basehttp.py:124] [basehttp:log_message] [INFO]- "GET /static/xadmin/js/xadmin.widget.datetime.js HTTP/1.1" 200 2979
[2021-07-22 10:42:26,021] [basehttp.py:124] [basehttp:log_message] [INFO]- "GET /static/xadmin/vendor/bootstrap-datepicker/js/bootstrap-datepicker.js HTTP/1.1" 200 32656
[2021-07-22 10:42:29,937] [basehttp.py:124] [basehttp:log_message] [INFO]- "GET /admin/paper/paper/3/update/ HTTP/1.1" 200 24517
[2021-07-22 10:42:30,087] [basehttp.py:124] [basehttp:log_message] [INFO]- "GET /static/xadmin/vendor/bootstrap-clockpicker/bootstrap-clockpicker.css HTTP/1.1" 200 3729
[2021-07-22 10:42:30,495] [basehttp.py:124] [basehttp:log_message] [INFO]- "GET /admin/jsi18n/ HTTP/1.1" 200 7678
[2021-07-22 10:42:30,575] [basehttp.py:124] [basehttp:log_message] [INFO]- "GET /static/xadmin/js/xadmin.plugin.quick-form.js HTTP/1.1" 200 7546
[2021-07-22 10:42:30,673] [basehttp.py:124] [basehttp:log_message] [INFO]- "GET /static/xadmin/vendor/bootstrap-clockpicker/bootstrap-clockpicker.js HTTP/1.1" 200 21112
[2021-07-22 10:42:35,785] [basehttp.py:124] [basehttp:log_message] [INFO]- "GET /admin/paper/createpaper/ HTTP/1.1" 200 55004
[2021-07-22 10:42:36,305] [basehttp.py:124] [basehttp:log_message] [INFO]- "GET /admin/jsi18n/ HTTP/1.1" 200 7678
[2021-07-22 10:42:37,471] [basehttp.py:124] [basehttp:log_message] [INFO]- "GET /admin/paper/exam/ HTTP/1.1" 200 55112
[2021-07-22 10:42:38,097] [basehttp.py:124] [basehttp:log_message] [INFO]- "GET /admin/jsi18n/ HTTP/1.1" 200 7678
[2021-07-22 10:42:45,077] [basehttp.py:124] [basehttp:log_message] [INFO]- "GET /admin/paper/subject/ HTTP/1.1" 200 33139
[2021-07-22 10:42:45,567] [basehttp.py:124] [basehttp:log_message] [INFO]- "GET /admin/jsi18n/ HTTP/1.1" 200 7678
[2021-07-22 10:42:49,871] [basehttp.py:124] [basehttp:log_message] [INFO]- "GET /admin/paper/questionbank/ HTTP/1.1" 200 127810
[2021-07-22 10:42:50,009] [basehttp.py:124] [basehttp:log_message] [INFO]- "GET /admin/jsi18n/ HTTP/1.1" 200 7678
[2021-07-22 10:42:52,849] [basehttp.py:124] [basehttp:log_message] [INFO]- "GET /admin/teacher/teacher/ HTTP/1.1" 200 35133
[2021-07-22 10:42:53,047] [basehttp.py:124] [basehttp:log_message] [INFO]- "GET /admin/jsi18n/ HTTP/1.1" 200 7678
[2021-07-22 10:42:56,598] [basehttp.py:124] [basehttp:log_message] [INFO]- "GET /admin/student/student/ HTTP/1.1" 200 115404
[2021-07-22 10:42:56,774] [basehttp.py:124] [basehttp:log_message] [INFO]- "GET /admin/jsi18n/ HTTP/1.1" 200 7678
[2021-07-22 10:43:01,838] [basehttp.py:124] [basehttp:log_message] [INFO]- "GET /admin/paper/createpaper/ HTTP/1.1" 200 55004
[2021-07-22 10:43:02,004] [basehttp.py:124] [basehttp:log_message] [INFO]- "GET /admin/jsi18n/ HTTP/1.1" 200 7678
[2021-07-22 10:43:05,263] [basehttp.py:124] [basehttp:log_message] [INFO]- "GET /admin/paper/paper/ HTTP/1.1" 200 45355
[2021-07-22 10:43:05,563] [basehttp.py:124] [basehttp:log_message] [INFO]- "GET /admin/jsi18n/ HTTP/1.1" 200 7678
[2021-07-22 10:43:09,322] [basehttp.py:124] [basehttp:log_message] [INFO]- "GET /admin/paper/exam/ HTTP/1.1" 200 55112
[2021-07-22 10:43:09,549] [basehttp.py:124] [basehttp:log_message] [INFO]- "GET /admin/jsi18n/ HTTP/1.1" 200 7678
[2021-07-22 10:43:17,905] [basehttp.py:124] [basehttp:log_message] [INFO]- "GET /admin/paper/exam/add/ HTTP/1.1" 200 26136
[2021-07-22 10:43:18,190] [basehttp.py:124] [basehttp:log_message] [INFO]- "GET /admin/jsi18n/ HTTP/1.1" 200 7678
[2021-07-22 10:43:25,874] [basehttp.py:124] [basehttp:log_message] [INFO]- "POST /admin/paper/exam/add/ HTTP/1.1" 302 0
[2021-07-22 10:43:26,293] [basehttp.py:124] [basehttp:log_message] [INFO]- "GET /admin/paper/exam/ HTTP/1.1" 200 56634
[2021-07-22 10:43:26,490] [basehttp.py:124] [basehttp:log_message] [INFO]- "GET /admin/jsi18n/ HTTP/1.1" 200 7678
[2021-07-22 10:43:30,516] [basehttp.py:124] [basehttp:log_message] [INFO]- "GET /admin/student/student/ HTTP/1.1" 200 115404
[2021-07-22 10:43:30,718] [basehttp.py:124] [basehttp:log_message] [INFO]- "GET /admin/jsi18n/ HTTP/1.1" 200 7678
[2021-07-22 10:43:37,138] [basehttp.py:124] [basehttp:log_message] [INFO]- "GET /admin/student/student/?_q_=1520182839 HTTP/1.1" 200 42558
[2021-07-22 10:43:37,406] [basehttp.py:124] [basehttp:log_message] [INFO]- "GET /admin/jsi18n/ HTTP/1.1" 200 7678
[2021-07-22 10:43:39,791] [basehttp.py:124] [basehttp:log_message] [INFO]- "GET /admin/student/student/1/update/ HTTP/1.1" 200 23774
[2021-07-22 10:43:40,084] [basehttp.py:124] [basehttp:log_message] [INFO]- "GET /admin/jsi18n/ HTTP/1.1" 200 7678
[2021-07-22 10:43:45,762] [basehttp.py:124] [basehttp:log_message] [INFO]- "POST /admin/student/student/1/update/ HTTP/1.1" 302 0
[2021-07-22 10:43:46,723] [basehttp.py:124] [basehttp:log_message] [INFO]- "GET /admin/student/student/ HTTP/1.1" 200 115640
[2021-07-22 10:43:46,875] [basehttp.py:124] [basehttp:log_message] [INFO]- "GET /admin/jsi18n/ HTTP/1.1" 200 7678
[2021-07-22 10:43:54,549] [views.py:40] [views:get] [INFO]- 张三请求教师主页------2021-07-22 10:43:54
[2021-07-22 10:43:54,605] [basehttp.py:124] [basehttp:log_message] [INFO]- "GET /teacher/index/ HTTP/1.1" 200 14842
[2021-07-22 10:44:07,778] [views.py:40] [views:get] [INFO]- 张三请求教师主页------2021-07-22 10:44:07
[2021-07-22 10:44:07,792] [basehttp.py:124] [basehttp:log_message] [INFO]- "GET /teacher/index/ HTTP/1.1" 200 14842
[2021-07-22 10:44:35,338] [basehttp.py:124] [basehttp:log_message] [INFO]- "GET /teacher/index/ HTTP/1.1" 302 0
[2021-07-22 10:44:35,515] [basehttp.py:124] [basehttp:log_message] [INFO]- "GET /login/login/ HTTP/1.1" 200 4281
[2021-07-22 10:44:35,648] [basehttp.py:124] [basehttp:log_message] [INFO]- "GET /static/css/index.css HTTP/1.1" 200 4807
[2021-07-22 10:44:36,005] [basehttp.py:124] [basehttp:log_message] [INFO]- "GET /static/js/jquery.js HTTP/1.1" 200 240197
[2021-07-22 10:44:36,935] [basehttp.py:124] [basehttp:log_message] [INFO]- "GET /static/images/head.gif HTTP/1.1" 200 20615
[2021-07-22 10:44:36,954] [basehttp.py:124] [basehttp:log_message] [INFO]- "GET /static/images/bj.jpg HTTP/1.1" 200 116831
[2021-07-22 10:44:37,010] [basehttp.py:124] [basehttp:log_message] [INFO]- "GET /static/images/d.png HTTP/1.1" 200 156041
[2021-07-22 10:44:37,189] [basehttp.py:124] [basehttp:log_message] [INFO]- "GET /static/images/e.png HTTP/1.1" 200 36374
[2021-07-22 10:44:37,325] [basehttp.py:124] [basehttp:log_message] [INFO]- "GET /static/images/b.png HTTP/1.1" 200 3986
[2021-07-22 10:44:37,477] [basehttp.py:124] [basehttp:log_message] [INFO]- "GET /static/images/a.png HTTP/1.1" 200 2788
[2021-07-22 10:44:39,404] [base.py:93] [base:get_response] [WARNING]- Not Found: /favicon.ico
[2021-07-22 10:44:39,472] [basehttp.py:124] [basehttp:log_message] [INFO]- "GET / HTTP/1.1" 200 4281
[2021-07-22 10:44:39,610] [basehttp.py:124] [basehttp:log_message] [WARNING]- "GET /favicon.ico HTTP/1.1" 404 2504
[2021-07-22 10:44:41,028] [base.py:93] [base:get_response] [WARNING]- Not Found: /favicon.ico
[2021-07-22 10:44:41,085] [basehttp.py:124] [basehttp:log_message] [WARNING]- "GET /favicon.ico HTTP/1.1" 404 2504
[2021-07-22 10:44:48,518] [basehttp.py:124] [basehttp:log_message] [INFO]- "POST /login/login/ HTTP/1.1" 200 41
[2021-07-22 10:44:48,770] [basehttp.py:124] [basehttp:log_message] [INFO]- "GET /student/index HTTP/1.1" 301 0
[2021-07-22 10:44:49,153] [basehttp.py:124] [basehttp:log_message] [INFO]- "GET /student/index/ HTTP/1.1" 200 4378
[2021-07-22 10:44:50,481] [basehttp.py:124] [basehttp:log_message] [INFO]- "GET /static/css/bootstrap.min.css HTTP/1.1" 200 121200
[2021-07-22 10:44:54,051] [basehttp.py:124] [basehttp:log_message] [INFO]- "GET /student/exam/21/ HTTP/1.1" 200 18637
[2021-07-22 10:44:54,187] [basehttp.py:124] [basehttp:log_message] [INFO]- "GET /static/css/answerCard.css HTTP/1.1" 200 537
