[2021-06-27 20:11:38,930] [exception.py:118] [exception:handle_uncaught_exception] [ERROR]- Internal Server Error: /teacher/index/
Traceback (most recent call last):
  File "D:\Anaconda\envs\onlineExam\lib\site-packages\django\core\handlers\exception.py", line 35, in inner
    response = get_response(request)
  File "D:\Anaconda\envs\onlineExam\lib\site-packages\django\core\handlers\base.py", line 128, in _get_response
    response = self.process_exception_by_middleware(e, request)
  File "D:\Anaconda\envs\onlineExam\lib\site-packages\django\core\handlers\base.py", line 126, in _get_response
    response = wrapped_callback(request, *callback_args, **callback_kwargs)
  File "D:\Anaconda\envs\onlineExam\lib\site-packages\django\views\generic\base.py", line 69, in view
    return self.dispatch(request, *args, **kwargs)
  File "D:\Anaconda\envs\onlineExam\lib\site-packages\django\views\generic\base.py", line 89, in dispatch
    return handler(request, *args, **kwargs)
  File "D:\python\onlineExam\apps\teacher\views.py", line 39, in get
    logger.info('{}请求教师主页------{}'.format(request.session['user']), time.strftime("%Y-%m-%d %H:%M:%S"))
IndexError: tuple index out of range
[2021-06-27 20:11:39,266] [basehttp.py:124] [basehttp:log_message] [ERROR]- "GET /teacher/index/ HTTP/1.1" 500 85755
[2021-06-27 20:12:19,202] [views.py:39] [views:get] [INFO]- 张三请求教师主页------2021-06-27 20:12:19
[2021-06-27 20:12:19,422] [basehttp.py:124] [basehttp:log_message] [INFO]- "GET /teacher/index/ HTTP/1.1" 200 15420
[2021-06-27 20:55:32,903] [basehttp.py:124] [basehttp:log_message] [INFO]- "GET /static/css/bootstrap.min.css HTTP/1.1" 304 0
[2021-06-27 20:57:43,900] [basehttp.py:124] [basehttp:log_message] [INFO]- "GET /teacher/index/ HTTP/1.0" 302 0
[2021-06-27 20:57:43,904] [basehttp.py:124] [basehttp:log_message] [INFO]- "GET /teacher/index/ HTTP/1.0" 302 0
[2021-06-27 20:57:43,906] [basehttp.py:124] [basehttp:log_message] [INFO]- "GET /teacher/index/ HTTP/1.0" 302 0
[2021-06-27 20:57:43,909] [basehttp.py:124] [basehttp:log_message] [INFO]- "GET /teacher/index/ HTTP/1.0" 302 0
[2021-06-27 20:57:43,911] [basehttp.py:124] [basehttp:log_message] [INFO]- "GET /teacher/index/ HTTP/1.0" 302 0
[2021-06-27 20:57:43,911] [basehttp.py:124] [basehttp:log_message] [INFO]- "GET /teacher/index/ HTTP/1.0" 302 0
[2021-06-27 20:57:43,915] [basehttp.py:124] [basehttp:log_message] [INFO]- "GET /teacher/index/ HTTP/1.0" 302 0
[2021-06-27 20:57:43,918] [basehttp.py:124] [basehttp:log_message] [INFO]- "GET /teacher/index/ HTTP/1.0" 302 0
[2021-06-27 20:57:43,920] [basehttp.py:124] [basehttp:log_message] [INFO]- "GET /teacher/index/ HTTP/1.0" 302 0
[2021-06-27 20:57:43,922] [basehttp.py:124] [basehttp:log_message] [INFO]- "GET /teacher/index/ HTTP/1.0" 302 0
[2021-06-27 20:57:43,923] [basehttp.py:124] [basehttp:log_message] [INFO]- "GET /teacher/index/ HTTP/1.0" 302 0
[2021-06-27 20:57:43,925] [basehttp.py:124] [basehttp:log_message] [INFO]- "GET /teacher/index/ HTTP/1.0" 302 0
[2021-06-27 20:57:44,430] [basehttp.py:124] [basehttp:log_message] [INFO]- "GET /teacher/index/ HTTP/1.0" 302 0
[2021-06-27 20:57:44,431] [basehttp.py:124] [basehttp:log_message] [INFO]- "GET /teacher/index/ HTTP/1.0" 302 0
[2021-06-27 20:57:44,432] [basehttp.py:124] [basehttp:log_message] [INFO]- "GET /teacher/index/ HTTP/1.0" 302 0
[2021-06-27 20:57:44,434] [basehttp.py:124] [basehttp:log_message] [INFO]- "GET /teacher/index/ HTTP/1.0" 302 0
[2021-06-27 20:57:44,435] [basehttp.py:124] [basehttp:log_message] [INFO]- "GET /teacher/index/ HTTP/1.0" 302 0
[2021-06-27 20:57:44,438] [basehttp.py:124] [basehttp:log_message] [INFO]- "GET /teacher/index/ HTTP/1.0" 302 0
[2021-06-27 20:57:44,441] [basehttp.py:124] [basehttp:log_message] [INFO]- "GET /teacher/index/ HTTP/1.0" 302 0
[2021-06-27 20:57:44,442] [basehttp.py:124] [basehttp:log_message] [INFO]- "GET /teacher/index/ HTTP/1.0" 302 0
[2021-06-27 20:57:44,443] [basehttp.py:124] [basehttp:log_message] [INFO]- "GET /teacher/index/ HTTP/1.0" 302 0
[2021-06-27 20:57:44,447] [basehttp.py:124] [basehttp:log_message] [INFO]- "GET /teacher/index/ HTTP/1.0" 302 0
[2021-06-27 20:57:44,448] [basehttp.py:124] [basehttp:log_message] [INFO]- "GET /teacher/index/ HTTP/1.0" 302 0
[2021-06-27 20:57:44,448] [basehttp.py:124] [basehttp:log_message] [INFO]- "GET /teacher/index/ HTTP/1.0" 302 0
[2021-06-27 20:57:44,922] [basehttp.py:124] [basehttp:log_message] [INFO]- "GET /teacher/index/ HTTP/1.0" 302 0
[2021-06-27 20:57:44,922] [basehttp.py:124] [basehttp:log_message] [INFO]- "GET /teacher/index/ HTTP/1.0" 302 0
[2021-06-27 20:57:44,929] [basehttp.py:124] [basehttp:log_message] [INFO]- "GET /teacher/index/ HTTP/1.0" 302 0
[2021-06-27 20:57:44,930] [basehttp.py:124] [basehttp:log_message] [INFO]- "GET /teacher/index/ HTTP/1.0" 302 0
[2021-06-27 20:57:44,933] [basehttp.py:124] [basehttp:log_message] [INFO]- "GET /teacher/index/ HTTP/1.0" 302 0
[2021-06-27 20:57:44,933] [basehttp.py:124] [basehttp:log_message] [INFO]- "GET /teacher/index/ HTTP/1.0" 302 0
[2021-06-27 20:57:44,936] [basehttp.py:124] [basehttp:log_message] [INFO]- "GET /teacher/index/ HTTP/1.0" 302 0
[2021-06-27 20:57:44,938] [basehttp.py:124] [basehttp:log_message] [INFO]- "GET /teacher/index/ HTTP/1.0" 302 0
[2021-06-27 20:57:44,939] [basehttp.py:124] [basehttp:log_message] [INFO]- "GET /teacher/index/ HTTP/1.0" 302 0
[2021-06-27 20:57:44,941] [basehttp.py:124] [basehttp:log_message] [INFO]- "GET /teacher/index/ HTTP/1.0" 302 0
[2021-06-27 20:57:44,943] [basehttp.py:124] [basehttp:log_message] [INFO]- "GET /teacher/index/ HTTP/1.0" 302 0
[2021-06-27 20:57:44,944] [basehttp.py:124] [basehttp:log_message] [INFO]- "GET /teacher/index/ HTTP/1.0" 302 0
[2021-06-27 20:57:45,425] [basehttp.py:124] [basehttp:log_message] [INFO]- "GET /teacher/index/ HTTP/1.0" 302 0
[2021-06-27 20:57:45,427] [basehttp.py:124] [basehttp:log_message] [INFO]- "GET /teacher/index/ HTTP/1.0" 302 0
[2021-06-27 20:57:45,428] [basehttp.py:124] [basehttp:log_message] [INFO]- "GET /teacher/index/ HTTP/1.0" 302 0
[2021-06-27 20:57:45,428] [basehttp.py:124] [basehttp:log_message] [INFO]- "GET /teacher/index/ HTTP/1.0" 302 0
[2021-06-27 20:57:45,432] [basehttp.py:124] [basehttp:log_message] [INFO]- "GET /teacher/index/ HTTP/1.0" 302 0
[2021-06-27 20:57:45,434] [basehttp.py:124] [basehttp:log_message] [INFO]- "GET /teacher/index/ HTTP/1.0" 302 0
[2021-06-27 20:57:45,436] [basehttp.py:124] [basehttp:log_message] [INFO]- "GET /teacher/index/ HTTP/1.0" 302 0
[2021-06-27 20:57:45,437] [basehttp.py:124] [basehttp:log_message] [INFO]- "GET /teacher/index/ HTTP/1.0" 302 0
[2021-06-27 20:57:45,439] [basehttp.py:124] [basehttp:log_message] [INFO]- "GET /teacher/index/ HTTP/1.0" 302 0
[2021-06-27 20:57:45,441] [basehttp.py:124] [basehttp:log_message] [INFO]- "GET /teacher/index/ HTTP/1.0" 302 0
[2021-06-27 20:57:45,443] [basehttp.py:124] [basehttp:log_message] [INFO]- "GET /teacher/index/ HTTP/1.0" 302 0
[2021-06-27 20:57:45,445] [basehttp.py:124] [basehttp:log_message] [INFO]- "GET /teacher/index/ HTTP/1.0" 302 0
[2021-06-27 20:57:45,941] [basehttp.py:124] [basehttp:log_message] [INFO]- "GET /teacher/index/ HTTP/1.0" 302 0
[2021-06-27 20:57:45,946] [basehttp.py:124] [basehttp:log_message] [INFO]- "GET /teacher/index/ HTTP/1.0" 302 0
[2021-06-27 20:57:45,947] [basehttp.py:124] [basehttp:log_message] [INFO]- "GET /teacher/index/ HTTP/1.0" 302 0
[2021-06-27 20:57:45,949] [basehttp.py:124] [basehttp:log_message] [INFO]- "GET /teacher/index/ HTTP/1.0" 302 0
[2021-06-27 20:57:45,951] [basehttp.py:124] [basehttp:log_message] [INFO]- "GET /teacher/index/ HTTP/1.0" 302 0
[2021-06-27 20:57:45,953] [basehttp.py:124] [basehttp:log_message] [INFO]- "GET /teacher/index/ HTTP/1.0" 302 0
[2021-06-27 20:57:45,956] [basehttp.py:124] [basehttp:log_message] [INFO]- "GET /teacher/index/ HTTP/1.0" 302 0
[2021-06-27 20:57:45,957] [basehttp.py:124] [basehttp:log_message] [INFO]- "GET /teacher/index/ HTTP/1.0" 302 0
[2021-06-27 20:57:45,961] [basehttp.py:124] [basehttp:log_message] [INFO]- "GET /teacher/index/ HTTP/1.0" 302 0
[2021-06-27 20:57:45,962] [basehttp.py:124] [basehttp:log_message] [INFO]- "GET /teacher/index/ HTTP/1.0" 302 0
[2021-06-27 20:57:45,964] [basehttp.py:124] [basehttp:log_message] [INFO]- "GET /teacher/index/ HTTP/1.0" 302 0
[2021-06-27 20:57:45,964] [basehttp.py:124] [basehttp:log_message] [INFO]- "GET /teacher/index/ HTTP/1.0" 302 0
[2021-06-27 20:57:46,457] [basehttp.py:124] [basehttp:log_message] [INFO]- "GET /teacher/index/ HTTP/1.0" 302 0
[2021-06-27 20:57:46,459] [basehttp.py:124] [basehttp:log_message] [INFO]- "GET /teacher/index/ HTTP/1.0" 302 0
[2021-06-27 20:57:46,460] [basehttp.py:124] [basehttp:log_message] [INFO]- "GET /teacher/index/ HTTP/1.0" 302 0
[2021-06-27 20:57:46,463] [basehttp.py:124] [basehttp:log_message] [INFO]- "GET /teacher/index/ HTTP/1.0" 302 0
[2021-06-27 20:57:46,463] [basehttp.py:124] [basehttp:log_message] [INFO]- "GET /teacher/index/ HTTP/1.0" 302 0
[2021-06-27 20:57:46,467] [basehttp.py:124] [basehttp:log_message] [INFO]- "GET /teacher/index/ HTTP/1.0" 302 0
[2021-06-27 20:57:46,468] [basehttp.py:124] [basehttp:log_message] [INFO]- "GET /teacher/index/ HTTP/1.0" 302 0
[2021-06-27 20:57:46,470] [basehttp.py:124] [basehttp:log_message] [INFO]- "GET /teacher/index/ HTTP/1.0" 302 0
[2021-06-27 20:57:46,476] [basehttp.py:124] [basehttp:log_message] [INFO]- "GET /teacher/index/ HTTP/1.0" 302 0
[2021-06-27 20:57:46,478] [basehttp.py:124] [basehttp:log_message] [INFO]- "GET /teacher/index/ HTTP/1.0" 302 0
[2021-06-27 20:57:46,478] [basehttp.py:124] [basehttp:log_message] [INFO]- "GET /teacher/index/ HTTP/1.0" 302 0
[2021-06-27 20:57:46,480] [basehttp.py:124] [basehttp:log_message] [INFO]- "GET /teacher/index/ HTTP/1.0" 302 0
[2021-06-27 20:57:46,975] [basehttp.py:124] [basehttp:log_message] [INFO]- "GET /teacher/index/ HTTP/1.0" 302 0
[2021-06-27 20:57:46,979] [basehttp.py:124] [basehttp:log_message] [INFO]- "GET /teacher/index/ HTTP/1.0" 302 0
[2021-06-27 20:57:46,979] [basehttp.py:124] [basehttp:log_message] [INFO]- "GET /teacher/index/ HTTP/1.0" 302 0
[2021-06-27 20:57:46,979] [basehttp.py:124] [basehttp:log_message] [INFO]- "GET /teacher/index/ HTTP/1.0" 302 0
[2021-06-27 20:57:46,981] [basehttp.py:124] [basehttp:log_message] [INFO]- "GET /teacher/index/ HTTP/1.0" 302 0
[2021-06-27 20:57:46,983] [basehttp.py:124] [basehttp:log_message] [INFO]- "GET /teacher/index/ HTTP/1.0" 302 0
[2021-06-27 20:57:46,984] [basehttp.py:124] [basehttp:log_message] [INFO]- "GET /teacher/index/ HTTP/1.0" 302 0
[2021-06-27 20:57:46,985] [basehttp.py:124] [basehttp:log_message] [INFO]- "GET /teacher/index/ HTTP/1.0" 302 0
[2021-06-27 20:59:33,801] [basehttp.py:124] [basehttp:log_message] [INFO]- "GET /teacher/grade/ HTTP/1.1" 200 84319
[2021-06-27 20:59:34,163] [basehttp.py:124] [basehttp:log_message] [INFO]- "GET /teacher/grade_bar/20210621/ HTTP/1.1" 200 5059
[2021-06-27 20:59:34,164] [basehttp.py:124] [basehttp:log_message] [INFO]- "GET /teacher/grade_pie/20210621/ HTTP/1.1" 200 2932
[2021-06-27 20:59:39,435] [basehttp.py:124] [basehttp:log_message] [INFO]- "GET /teacher/grade/ HTTP/1.0" 302 0
[2021-06-27 20:59:39,441] [basehttp.py:124] [basehttp:log_message] [INFO]- "GET /teacher/grade/ HTTP/1.0" 302 0
[2021-06-27 20:59:39,444] [basehttp.py:124] [basehttp:log_message] [INFO]- "GET /teacher/grade/ HTTP/1.0" 302 0
[2021-06-27 20:59:39,444] [basehttp.py:124] [basehttp:log_message] [INFO]- "GET /teacher/grade/ HTTP/1.0" 302 0
[2021-06-27 20:59:39,446] [basehttp.py:124] [basehttp:log_message] [INFO]- "GET /teacher/grade/ HTTP/1.0" 302 0
[2021-06-27 20:59:39,447] [basehttp.py:124] [basehttp:log_message] [INFO]- "GET /teacher/grade/ HTTP/1.0" 302 0
[2021-06-27 20:59:39,449] [basehttp.py:124] [basehttp:log_message] [INFO]- "GET /teacher/grade/ HTTP/1.0" 302 0
[2021-06-27 20:59:39,451] [basehttp.py:124] [basehttp:log_message] [INFO]- "GET /teacher/grade/ HTTP/1.0" 302 0
[2021-06-27 20:59:39,454] [basehttp.py:124] [basehttp:log_message] [INFO]- "GET /teacher/grade/ HTTP/1.0" 302 0
[2021-06-27 20:59:39,455] [basehttp.py:124] [basehttp:log_message] [INFO]- "GET /teacher/grade/ HTTP/1.0" 302 0
[2021-06-27 20:59:39,457] [basehttp.py:124] [basehttp:log_message] [INFO]- "GET /teacher/grade/ HTTP/1.0" 302 0
[2021-06-27 20:59:39,458] [basehttp.py:124] [basehttp:log_message] [INFO]- "GET /teacher/grade/ HTTP/1.0" 302 0
[2021-06-27 20:59:39,954] [basehttp.py:124] [basehttp:log_message] [INFO]- "GET /teacher/grade/ HTTP/1.0" 302 0
[2021-06-27 20:59:39,957] [basehttp.py:124] [basehttp:log_message] [INFO]- "GET /teacher/grade/ HTTP/1.0" 302 0
[2021-06-27 20:59:39,958] [basehttp.py:124] [basehttp:log_message] [INFO]- "GET /teacher/grade/ HTTP/1.0" 302 0
[2021-06-27 20:59:39,961] [basehttp.py:124] [basehttp:log_message] [INFO]- "GET /teacher/grade/ HTTP/1.0" 302 0
[2021-06-27 20:59:39,962] [basehttp.py:124] [basehttp:log_message] [INFO]- "GET /teacher/grade/ HTTP/1.0" 302 0
[2021-06-27 20:59:39,963] [basehttp.py:124] [basehttp:log_message] [INFO]- "GET /teacher/grade/ HTTP/1.0" 302 0
[2021-06-27 20:59:39,966] [basehttp.py:124] [basehttp:log_message] [INFO]- "GET /teacher/grade/ HTTP/1.0" 302 0
[2021-06-27 20:59:39,968] [basehttp.py:124] [basehttp:log_message] [INFO]- "GET /teacher/grade/ HTTP/1.0" 302 0
[2021-06-27 20:59:39,970] [basehttp.py:124] [basehttp:log_message] [INFO]- "GET /teacher/grade/ HTTP/1.0" 302 0
[2021-06-27 20:59:39,973] [basehttp.py:124] [basehttp:log_message] [INFO]- "GET /teacher/grade/ HTTP/1.0" 302 0
[2021-06-27 20:59:39,974] [basehttp.py:124] [basehttp:log_message] [INFO]- "GET /teacher/grade/ HTTP/1.0" 302 0
[2021-06-27 20:59:39,974] [basehttp.py:124] [basehttp:log_message] [INFO]- "GET /teacher/grade/ HTTP/1.0" 302 0
[2021-06-27 20:59:40,461] [basehttp.py:124] [basehttp:log_message] [INFO]- "GET /teacher/grade/ HTTP/1.0" 302 0
[2021-06-27 20:59:40,463] [basehttp.py:124] [basehttp:log_message] [INFO]- "GET /teacher/grade/ HTTP/1.0" 302 0
[2021-06-27 20:59:40,465] [basehttp.py:124] [basehttp:log_message] [INFO]- "GET /teacher/grade/ HTTP/1.0" 302 0
[2021-06-27 20:59:40,466] [basehttp.py:124] [basehttp:log_message] [INFO]- "GET /teacher/grade/ HTTP/1.0" 302 0
[2021-06-27 20:59:40,467] [basehttp.py:124] [basehttp:log_message] [INFO]- "GET /teacher/grade/ HTTP/1.0" 302 0
[2021-06-27 20:59:40,469] [basehttp.py:124] [basehttp:log_message] [INFO]- "GET /teacher/grade/ HTTP/1.0" 302 0
[2021-06-27 20:59:40,471] [basehttp.py:124] [basehttp:log_message] [INFO]- "GET /teacher/grade/ HTTP/1.0" 302 0
[2021-06-27 20:59:40,475] [basehttp.py:124] [basehttp:log_message] [INFO]- "GET /teacher/grade/ HTTP/1.0" 302 0
[2021-06-27 20:59:40,476] [basehttp.py:124] [basehttp:log_message] [INFO]- "GET /teacher/grade/ HTTP/1.0" 302 0
[2021-06-27 20:59:40,476] [basehttp.py:124] [basehttp:log_message] [INFO]- "GET /teacher/grade/ HTTP/1.0" 302 0
[2021-06-27 20:59:40,478] [basehttp.py:124] [basehttp:log_message] [INFO]- "GET /teacher/grade/ HTTP/1.0" 302 0
[2021-06-27 20:59:40,479] [basehttp.py:124] [basehttp:log_message] [INFO]- "GET /teacher/grade/ HTTP/1.0" 302 0
[2021-06-27 20:59:40,979] [basehttp.py:124] [basehttp:log_message] [INFO]- "GET /teacher/grade/ HTTP/1.0" 302 0
[2021-06-27 20:59:40,982] [basehttp.py:124] [basehttp:log_message] [INFO]- "GET /teacher/grade/ HTTP/1.0" 302 0
[2021-06-27 20:59:40,983] [basehttp.py:124] [basehttp:log_message] [INFO]- "GET /teacher/grade/ HTTP/1.0" 302 0
[2021-06-27 20:59:40,985] [basehttp.py:124] [basehttp:log_message] [INFO]- "GET /teacher/grade/ HTTP/1.0" 302 0
[2021-06-27 20:59:40,988] [basehttp.py:124] [basehttp:log_message] [INFO]- "GET /teacher/grade/ HTTP/1.0" 302 0
[2021-06-27 20:59:40,989] [basehttp.py:124] [basehttp:log_message] [INFO]- "GET /teacher/grade/ HTTP/1.0" 302 0
[2021-06-27 20:59:40,990] [basehttp.py:124] [basehttp:log_message] [INFO]- "GET /teacher/grade/ HTTP/1.0" 302 0
[2021-06-27 20:59:40,993] [basehttp.py:124] [basehttp:log_message] [INFO]- "GET /teacher/grade/ HTTP/1.0" 302 0
[2021-06-27 20:59:40,995] [basehttp.py:124] [basehttp:log_message] [INFO]- "GET /teacher/grade/ HTTP/1.0" 302 0
[2021-06-27 20:59:40,996] [basehttp.py:124] [basehttp:log_message] [INFO]- "GET /teacher/grade/ HTTP/1.0" 302 0
[2021-06-27 20:59:40,999] [basehttp.py:124] [basehttp:log_message] [INFO]- "GET /teacher/grade/ HTTP/1.0" 302 0
[2021-06-27 20:59:41,001] [basehttp.py:124] [basehttp:log_message] [INFO]- "GET /teacher/grade/ HTTP/1.0" 302 0
[2021-06-27 20:59:41,487] [basehttp.py:124] [basehttp:log_message] [INFO]- "GET /teacher/grade/ HTTP/1.0" 302 0
[2021-06-27 20:59:41,489] [basehttp.py:124] [basehttp:log_message] [INFO]- "GET /teacher/grade/ HTTP/1.0" 302 0
[2021-06-27 20:59:41,492] [basehttp.py:124] [basehttp:log_message] [INFO]- "GET /teacher/grade/ HTTP/1.0" 302 0
[2021-06-27 20:59:41,495] [basehttp.py:124] [basehttp:log_message] [INFO]- "GET /teacher/grade/ HTTP/1.0" 302 0
[2021-06-27 20:59:41,496] [basehttp.py:124] [basehttp:log_message] [INFO]- "GET /teacher/grade/ HTTP/1.0" 302 0
[2021-06-27 20:59:41,497] [basehttp.py:124] [basehttp:log_message] [INFO]- "GET /teacher/grade/ HTTP/1.0" 302 0
[2021-06-27 20:59:41,501] [basehttp.py:124] [basehttp:log_message] [INFO]- "GET /teacher/grade/ HTTP/1.0" 302 0
[2021-06-27 20:59:41,502] [basehttp.py:124] [basehttp:log_message] [INFO]- "GET /teacher/grade/ HTTP/1.0" 302 0
[2021-06-27 20:59:41,503] [basehttp.py:124] [basehttp:log_message] [INFO]- "GET /teacher/grade/ HTTP/1.0" 302 0
[2021-06-27 20:59:41,505] [basehttp.py:124] [basehttp:log_message] [INFO]- "GET /teacher/grade/ HTTP/1.0" 302 0
[2021-06-27 20:59:41,507] [basehttp.py:124] [basehttp:log_message] [INFO]- "GET /teacher/grade/ HTTP/1.0" 302 0
[2021-06-27 20:59:41,509] [basehttp.py:124] [basehttp:log_message] [INFO]- "GET /teacher/grade/ HTTP/1.0" 302 0
[2021-06-27 20:59:42,003] [basehttp.py:124] [basehttp:log_message] [INFO]- "GET /teacher/grade/ HTTP/1.0" 302 0
[2021-06-27 20:59:42,005] [basehttp.py:124] [basehttp:log_message] [INFO]- "GET /teacher/grade/ HTTP/1.0" 302 0
[2021-06-27 20:59:42,006] [basehttp.py:124] [basehttp:log_message] [INFO]- "GET /teacher/grade/ HTTP/1.0" 302 0
[2021-06-27 20:59:42,008] [basehttp.py:124] [basehttp:log_message] [INFO]- "GET /teacher/grade/ HTTP/1.0" 302 0
[2021-06-27 20:59:42,010] [basehttp.py:124] [basehttp:log_message] [INFO]- "GET /teacher/grade/ HTTP/1.0" 302 0
[2021-06-27 20:59:42,011] [basehttp.py:124] [basehttp:log_message] [INFO]- "GET /teacher/grade/ HTTP/1.0" 302 0
[2021-06-27 20:59:42,013] [basehttp.py:124] [basehttp:log_message] [INFO]- "GET /teacher/grade/ HTTP/1.0" 302 0
[2021-06-27 20:59:42,016] [basehttp.py:124] [basehttp:log_message] [INFO]- "GET /teacher/grade/ HTTP/1.0" 302 0
[2021-06-27 20:59:42,017] [basehttp.py:124] [basehttp:log_message] [INFO]- "GET /teacher/grade/ HTTP/1.0" 302 0
[2021-06-27 20:59:42,018] [basehttp.py:124] [basehttp:log_message] [INFO]- "GET /teacher/grade/ HTTP/1.0" 302 0
[2021-06-27 20:59:42,020] [basehttp.py:124] [basehttp:log_message] [INFO]- "GET /teacher/grade/ HTTP/1.0" 302 0
[2021-06-27 20:59:42,520] [basehttp.py:124] [basehttp:log_message] [INFO]- "GET /teacher/grade/ HTTP/1.0" 302 0
[2021-06-27 20:59:42,523] [basehttp.py:124] [basehttp:log_message] [INFO]- "GET /teacher/grade/ HTTP/1.0" 302 0
[2021-06-27 20:59:42,526] [basehttp.py:124] [basehttp:log_message] [INFO]- "GET /teacher/grade/ HTTP/1.0" 302 0
[2021-06-27 20:59:42,526] [basehttp.py:124] [basehttp:log_message] [INFO]- "GET /teacher/grade/ HTTP/1.0" 302 0
[2021-06-27 20:59:42,529] [basehttp.py:124] [basehttp:log_message] [INFO]- "GET /teacher/grade/ HTTP/1.0" 302 0
[2021-06-27 20:59:42,531] [basehttp.py:124] [basehttp:log_message] [INFO]- "GET /teacher/grade/ HTTP/1.0" 302 0
[2021-06-27 20:59:42,533] [basehttp.py:124] [basehttp:log_message] [INFO]- "GET /teacher/grade/ HTTP/1.0" 302 0
[2021-06-27 20:59:42,535] [basehttp.py:124] [basehttp:log_message] [INFO]- "GET /teacher/grade/ HTTP/1.0" 302 0
[2021-06-27 20:59:42,536] [basehttp.py:124] [basehttp:log_message] [INFO]- "GET /teacher/grade/ HTTP/1.0" 302 0
[2021-06-27 21:10:29,689] [basehttp.py:124] [basehttp:log_message] [INFO]- "GET /admin/paper/exam/ HTTP/1.1" 200 4170
[2021-06-27 21:10:29,820] [basehttp.py:124] [basehttp:log_message] [INFO]- "GET /admin/jsi18n/ HTTP/1.1" 200 4166
[2021-06-27 21:10:35,770] [basehttp.py:124] [basehttp:log_message] [INFO]- "POST /admin/paper/exam/ HTTP/1.1" 302 0
[2021-06-27 21:10:36,151] [basehttp.py:124] [basehttp:log_message] [INFO]- "GET /admin/paper/exam/ HTTP/1.1" 200 88368
[2021-06-27 21:10:36,234] [basehttp.py:124] [basehttp:log_message] [INFO]- "GET /admin/jsi18n/ HTTP/1.1" 200 7678
[2021-06-27 21:10:40,602] [basehttp.py:124] [basehttp:log_message] [INFO]- "GET /admin/paper/paper/ HTTP/1.1" 200 38193
[2021-06-27 21:10:40,702] [basehttp.py:124] [basehttp:log_message] [INFO]- "GET /admin/jsi18n/ HTTP/1.1" 200 7678
[2021-06-27 21:10:47,463] [basehttp.py:124] [basehttp:log_message] [INFO]- "GET /admin/paper/paper/?_p_subject__id__exact=1 HTTP/1.1" 200 30297
[2021-06-27 21:10:47,519] [basehttp.py:124] [basehttp:log_message] [INFO]- "GET /admin/jsi18n/ HTTP/1.1" 200 7678
[2021-06-27 21:10:50,016] [basehttp.py:124] [basehttp:log_message] [INFO]- "GET /admin/paper/paper/?_p_subject__id__exact=1&_p_paper_no__in=20210621 HTTP/1.1" 200 31364
[2021-06-27 21:10:50,236] [basehttp.py:124] [basehttp:log_message] [INFO]- "GET /admin/jsi18n/ HTTP/1.1" 200 7678
[2021-06-27 21:10:55,555] [basehttp.py:124] [basehttp:log_message] [INFO]- "GET /admin/paper/paper/?_p_paper_no__in=20210621 HTTP/1.1" 200 38177
[2021-06-27 21:10:55,648] [basehttp.py:124] [basehttp:log_message] [INFO]- "GET /admin/jsi18n/ HTTP/1.1" 200 7678
[2021-06-27 21:27:36,701] [basehttp.py:124] [basehttp:log_message] [INFO]- "GET /admin/paper/paper/?_p_paper_no__in=20210621 HTTP/1.1" 200 38177
[2021-06-27 21:27:37,084] [basehttp.py:124] [basehttp:log_message] [INFO]- "GET /admin/jsi18n/ HTTP/1.1" 200 7678
[2021-06-27 21:27:40,849] [basehttp.py:124] [basehttp:log_message] [INFO]- "GET /admin/paper/questionbank/ HTTP/1.1" 200 39437
[2021-06-27 21:27:41,081] [basehttp.py:124] [basehttp:log_message] [INFO]- "GET /admin/jsi18n/ HTTP/1.1" 200 7678
[2021-06-27 21:28:32,575] [basehttp.py:124] [basehttp:log_message] [INFO]- "GET /admin/paper/questionbank/ HTTP/1.1" 200 39437
[2021-06-27 21:28:32,628] [basehttp.py:124] [basehttp:log_message] [INFO]- "GET /admin/jsi18n/ HTTP/1.1" 200 7678
[2021-06-27 21:36:27,663] [basehttp.py:124] [basehttp:log_message] [INFO]- "GET /admin/paper/questionbank/ HTTP/1.1" 200 39560
[2021-06-27 21:36:27,749] [basehttp.py:124] [basehttp:log_message] [INFO]- "GET /admin/jsi18n/ HTTP/1.1" 200 7678
[2021-06-27 21:39:31,919] [basehttp.py:124] [basehttp:log_message] [INFO]- "GET /admin/paper/questionbank/ HTTP/1.1" 200 41852
[2021-06-27 21:39:32,020] [basehttp.py:124] [basehttp:log_message] [INFO]- "GET /admin/jsi18n/ HTTP/1.1" 200 7678
[2021-06-27 21:39:48,155] [csrf.py:153] [csrf:_reject] [WARNING]- Forbidden (CSRF token missing or incorrect.): /admin/paper/questionbank/
[2021-06-27 21:39:48,161] [basehttp.py:124] [basehttp:log_message] [WARNING]- "POST /admin/paper/questionbank/ HTTP/1.1" 403 2508
[2021-06-27 21:41:14,630] [basehttp.py:124] [basehttp:log_message] [INFO]- "GET /admin/paper/questionbank/ HTTP/1.1" 200 41852
[2021-06-27 21:41:14,705] [basehttp.py:124] [basehttp:log_message] [INFO]- "GET /admin/jsi18n/ HTTP/1.1" 200 7678
[2021-06-27 21:41:18,145] [basehttp.py:124] [basehttp:log_message] [INFO]- "GET /teacher/grade/ HTTP/1.1" 200 84319
[2021-06-27 21:41:18,196] [basehttp.py:124] [basehttp:log_message] [INFO]- "GET /static/css/bootstrap.min.css HTTP/1.1" 304 0
[2021-06-27 21:45:41,016] [basehttp.py:124] [basehttp:log_message] [INFO]- "GET /admin/paper/questionbank/ HTTP/1.1" 200 41852
[2021-06-27 21:45:41,097] [basehttp.py:124] [basehttp:log_message] [INFO]- "GET /admin/jsi18n/ HTTP/1.1" 200 7678
[2021-06-27 21:45:49,598] [csrf.py:153] [csrf:_reject] [WARNING]- Forbidden (CSRF token missing or incorrect.): /admin/paper/questionbank/
[2021-06-27 21:45:49,602] [basehttp.py:124] [basehttp:log_message] [WARNING]- "POST /admin/paper/questionbank/ HTTP/1.1" 403 2508
[2021-06-27 21:45:52,734] [basehttp.py:124] [basehttp:log_message] [INFO]- "GET /admin/paper/questionbank/ HTTP/1.1" 200 41852
[2021-06-27 21:45:52,790] [basehttp.py:124] [basehttp:log_message] [INFO]- "GET /admin/jsi18n/ HTTP/1.1" 200 7678
